This is pdfTeX, Version 3.14159265-2.6-1.40.15 (TeX Live 2015/dev/Debian) (preloaded format=pdflatex 2015.6.28)  7 JUN 2016 21:09
entering extended mode
 restricted \write18 enabled.
 %&-line parsing enabled.
**rosto.tex
(./rosto.tex
LaTeX2e <2014/05/01>
Babel <3.9l> and hyphenation patterns for 5 languages loaded.

! LaTeX Error: Environment titlepage undefined.

See the LaTeX manual or LaTeX Companion for explanation.
Type  H <return>  for immediate help.
 ...                                              
                                                  
l.6 \begin{titlepage}
                     
Your command was ignored.
Type  I <command> <return>  to replace it with another command,
or  <return>  to continue without it.


! LaTeX Error: Missing \begin{document}.

See the LaTeX manual or LaTeX Companion for explanation.
Type  H <return>  for immediate help.
 ...                                              
                                                  
l.8 \begin{center}
                  
You're in trouble here.  Try typing  <return>  to proceed.
If that doesn't work, type  X <return>  to quit.


Overfull \hbox (20.0pt too wide) in paragraph at lines 8--8
[] 
 []

! Undefined control sequence.
l.10 \small
           
The control sequence at the end of the top line
of your error message was never \def'ed. If you have
misspelled it (e.g., `\hobx'), type `I' and the correct
spelling (e.g., `I\hbox'). Otherwise just continue,
and I'll forget about whatever was undefined.


! LaTeX Error: Environment tabularx undefined.

See the LaTeX manual or LaTeX Companion for explanation.
Type  H <return>  for immediate help.
 ...                                              
                                                  
l.17 \begin{tabularx}
                     {\linewidth}{@{}l@{}C@{}r@{}}
Your command was ignored.
Type  I <command> <return>  to replace it with another command,
or  <return>  to continue without it.

! Missing number, treated as zero.
<to be read again> 
                   }
l.17 \begin{tabularx}{\linewidth}
                                 {@{}l@{}C@{}r@{}}
A number should have been here; I inserted `0'.
(If you can't figure out why I needed to see a number,
look up `weird error' in the index to The TeXbook.)

! Illegal unit of measure (pt inserted).
<to be read again> 
                   }
l.17 \begin{tabularx}{\linewidth}
                                 {@{}l@{}C@{}r@{}}
Dimensions can be in units of em, ex, in, pt, pc,
cm, mm, dd, cc, nd, nc, bp, or sp; but yours is a new one!
I'll assume that you meant to say pt, for printer's points.
To recover gracefully from this error, it's best to
delete the erroneous units; e.g., type `2' to delete
two letters. (See Chapter 27 of The TeXbook.)

Missing character: There is no @ in font nullfont!
Missing character: There is no l in font nullfont!
Missing character: There is no @ in font nullfont!
Missing character: There is no C in font nullfont!
Missing character: There is no @ in font nullfont!
Missing character: There is no r in font nullfont!
Missing character: There is no @ in font nullfont!
! Undefined control sequence.
<argument> ...ma \@parboxrestore \includegraphics 
                                                  [width=\linewidth ]{tex/00...
l.20 ...inewidth]{tex/00-estrutural/figuras/UFRN}}
                                                   &
The control sequence at the end of the top line
of your error message was never \def'ed. If you have
misspelled it (e.g., `\hobx'), type `I' and the correct
spelling (e.g., `I\hbox'). Otherwise just continue,
and I'll forget about whatever was undefined.

Missing character: There is no [ in font nullfont!
Missing character: There is no w in font nullfont!
Missing character: There is no i in font nullfont!
Missing character: There is no d in font nullfont!
Missing character: There is no t in font nullfont!
Missing character: There is no h in font nullfont!
Missing character: There is no = in font nullfont!
! Missing number, treated as zero.
<to be read again> 
                   ]
l.20 ...inewidth]{tex/00-estrutural/figuras/UFRN}}
                                                   &
A number should have been here; I inserted `0'.
(If you can't figure out why I needed to see a number,
look up `weird error' in the index to The TeXbook.)

! Illegal unit of measure (pt inserted).
<to be read again> 
                   ]
l.20 ...inewidth]{tex/00-estrutural/figuras/UFRN}}
                                                   &
Dimensions can be in units of em, ex, in, pt, pc,
cm, mm, dd, cc, nd, nc, bp, or sp; but yours is a new one!
I'll assume that you meant to say pt, for printer's points.
To recover gracefully from this error, it's best to
delete the erroneous units; e.g., type `2' to delete
two letters. (See Chapter 27 of The TeXbook.)

Missing character: There is no ] in font nullfont!
Missing character: There is no t in font nullfont!
Missing character: There is no e in font nullfont!
Missing character: There is no x in font nullfont!
Missing character: There is no / in font nullfont!
Missing character: There is no 0 in font nullfont!
Missing character: There is no 0 in font nullfont!
Missing character: There is no - in font nullfont!
Missing character: There is no e in font nullfont!
Missing character: There is no s in font nullfont!
Missing character: There is no t in font nullfont!
Missing character: There is no r in font nullfont!
Missing character: There is no u in font nullfont!
Missing character: There is no t in font nullfont!
Missing character: There is no u in font nullfont!
Missing character: There is no r in font nullfont!
Missing character: There is no a in font nullfont!
Missing character: There is no l in font nullfont!
Missing character: There is no / in font nullfont!
Missing character: There is no f in font nullfont!
Missing character: There is no i in font nullfont!
Missing character: There is no g in font nullfont!
Missing character: There is no u in font nullfont!
Missing character: There is no r in font nullfont!
Missing character: There is no a in font nullfont!
Missing character: There is no s in font nullfont!
Missing character: There is no / in font nullfont!
Missing character: There is no U in font nullfont!
Missing character: There is no F in font nullfont!
Missing character: There is no R in font nullfont!
Missing character: There is no N in font nullfont!
LaTeX Font Info:    External font `cmex10' loaded for size
(Font)              <7> on input line 20.
LaTeX Font Info:    External font `cmex10' loaded for size
(Font)              <5> on input line 20.
! Misplaced alignment tab character &.
l.20 ...ewidth]{tex/00-estrutural/figuras/UFRN}} &
                                                  
I can't figure out why you would want to use a tab mark
here. If you just want an ampersand, the remedy is
simple: Just type `I\&' now. But if some right brace
up above has ended a previous alignment prematurely,
you're probably due for more error messages, and you
might try typing `S' now just to see what is salvageable.


Overfull \hbox (85.35826pt too wide) in paragraph at lines 17--21
 []$ 
 []


LaTeX Font Warning: Font shape `OT1/cmss/m/sc' in size <10> not available
(Font)              Font shape `OT1/cmr/m/sc' tried instead on input line 24.


Overfull \hbox (66.60524pt too wide) in paragraph at lines 24--24
 \OT1/cmr/m/sc/10 Universidade 
 []


Overfull \hbox (22.72485pt too wide) in paragraph at lines 24--24
 \OT1/cmr/m/sc/10 Fed- 
 []


Overfull \hbox (22.86656pt too wide) in paragraph at lines 24--24
 \OT1/cmr/m/sc/10 eral 
 []


Overfull \hbox (12.59996pt too wide) in paragraph at lines 24--24
 \OT1/cmr/m/sc/10 do 
 []


Overfull \hbox (17.37766pt too wide) in paragraph at lines 24--24
 \OT1/cmr/m/sc/10 Rio 
 []


Overfull \hbox (38.62482pt too wide) in paragraph at lines 24--24
 \OT1/cmr/m/sc/10 Grande 
 []


Overfull \hbox (12.59996pt too wide) in paragraph at lines 24--24
 \OT1/cmr/m/sc/10 do 
 []


Overfull \hbox (31.33867pt too wide) in paragraph at lines 24--24
 \OT1/cmr/m/sc/10 Norte 
 []


Overfull \hbox (37.63867pt too wide) in paragraph at lines 24--24
 []\OT1/cmr/m/sc/10 Centro 
 []


Overfull \hbox (11.82217pt too wide) in paragraph at lines 24--24
 \OT1/cmr/m/sc/10 de 
 []


Overfull \hbox (23.1276pt too wide) in paragraph at lines 24--24
 \OT1/cmr/m/sc/10 Tec- 
 []


Overfull \hbox (27.75542pt too wide) in paragraph at lines 24--24
 \OT1/cmr/m/sc/10 nolo- 
 []


Overfull \hbox (15.56659pt too wide) in paragraph at lines 24--24
 \OT1/cmr/m/sc/10 gia 
 []

Missing character: There is no Ã in font cmcsc10!
Missing character: There is no ³ in font cmcsc10!
Missing character: There is no Ã in font cmcsc10!
Missing character: There is no § in font cmcsc10!
Missing character: There is no Ã in font cmcsc10!
Missing character: There is no £ in font cmcsc10!
Missing character: There is no Ã in font cmcsc10!
Missing character: There is no © in font cmcsc10!
Missing character: There is no Ã in font cmcsc10!
Missing character: There is no § in font cmcsc10!
Missing character: There is no Ã in font cmcsc10!
Missing character: There is no £ in font cmcsc10!

Overfull \hbox (51.73862pt too wide) in paragraph at lines 24--25
 []\OT1/cmr/m/sc/10 Programa 
 []


Overfull \hbox (11.82217pt too wide) in paragraph at lines 24--25
 \OT1/cmr/m/sc/10 de 
 []


Overfull \hbox (15.77208pt too wide) in paragraph at lines 24--25
 \OT1/cmr/m/sc/10 Ps- 
 []


Overfull \hbox (45.53592pt too wide) in paragraph at lines 24--25
 \OT1/cmr/m/sc/10 Graduao 
 []


Overfull \hbox (13.04437pt too wide) in paragraph at lines 24--25
 \OT1/cmr/m/sc/10 em 
 []


Overfull \hbox (17.32764pt too wide) in paragraph at lines 24--25
 \OT1/cmr/m/sc/10 En- 
 []


Overfull \hbox (21.89987pt too wide) in paragraph at lines 24--25
 \OT1/cmr/m/sc/10 gen- 
 []


Overfull \hbox (27.44435pt too wide) in paragraph at lines 24--25
 \OT1/cmr/m/sc/10 haria 
 []


Overfull \hbox (16.32762pt too wide) in paragraph at lines 24--25
 \OT1/cmr/m/sc/10 El- 
 []


Overfull \hbox (26.99986pt too wide) in paragraph at lines 24--25
 \OT1/cmr/m/sc/10 trica 
 []


Overfull \hbox (5.57774pt too wide) in paragraph at lines 24--25
 \OT1/cmr/m/sc/10 e 
 []


Overfull \hbox (11.82217pt too wide) in paragraph at lines 24--25
 \OT1/cmr/m/sc/10 de 
 []


Overfull \hbox (25.46094pt too wide) in paragraph at lines 24--25
 \OT1/cmr/m/sc/10 Com- 
 []


Overfull \hbox (29.22206pt too wide) in paragraph at lines 24--25
 \OT1/cmr/m/sc/10 putao 
 []

! Misplaced alignment tab character &.
l.25 \end{center} &
                   
I can't figure out why you would want to use a tab mark
here. If you just want an ampersand, the remedy is
simple: Just type `I\&' now. But if some right brace
up above has ended a previous alignment prematurely,
you're probably due for more error messages, and you
might try typing `S' now just to see what is salvageable.

! Undefined control sequence.
<argument> ...ma \@parboxrestore \includegraphics 
                                                  [width=\linewidth ]{tex/00...
l.26 ...newidth]{tex/00-estrutural/figuras/PPgEE}}
                                                  
The control sequence at the end of the top line
of your error message was never \def'ed. If you have
misspelled it (e.g., `\hobx'), type `I' and the correct
spelling (e.g., `I\hbox'). Otherwise just continue,
and I'll forget about whatever was undefined.

Missing character: There is no [ in font nullfont!
Missing character: There is no w in font nullfont!
Missing character: There is no i in font nullfont!
Missing character: There is no d in font nullfont!
Missing character: There is no t in font nullfont!
Missing character: There is no h in font nullfont!
Missing character: There is no = in font nullfont!
! Missing number, treated as zero.
<to be read again> 
                   ]
l.26 ...newidth]{tex/00-estrutural/figuras/PPgEE}}
                                                  
A number should have been here; I inserted `0'.
(If you can't figure out why I needed to see a number,
look up `weird error' in the index to The TeXbook.)

! Illegal unit of measure (pt inserted).
<to be read again> 
                   ]
l.26 ...newidth]{tex/00-estrutural/figuras/PPgEE}}
                                                  
Dimensions can be in units of em, ex, in, pt, pc,
cm, mm, dd, cc, nd, nc, bp, or sp; but yours is a new one!
I'll assume that you meant to say pt, for printer's points.
To recover gracefully from this error, it's best to
delete the erroneous units; e.g., type `2' to delete
two letters. (See Chapter 27 of The TeXbook.)

Missing character: There is no ] in font nullfont!
Missing character: There is no t in font nullfont!
Missing character: There is no e in font nullfont!
Missing character: There is no x in font nullfont!
Missing character: There is no / in font nullfont!
Missing character: There is no 0 in font nullfont!
Missing character: There is no 0 in font nullfont!
Missing character: There is no - in font nullfont!
Missing character: There is no e in font nullfont!
Missing character: There is no s in font nullfont!
Missing character: There is no t in font nullfont!
Missing character: There is no r in font nullfont!
Missing character: There is no u in font nullfont!
Missing character: There is no t in font nullfont!
Missing character: There is no u in font nullfont!
Missing character: There is no r in font nullfont!
Missing character: There is no a in font nullfont!
Missing character: There is no l in font nullfont!
Missing character: There is no / in font nullfont!
Missing character: There is no f in font nullfont!
Missing character: There is no i in font nullfont!
Missing character: There is no g in font nullfont!
Missing character: There is no u in font nullfont!
Missing character: There is no r in font nullfont!
Missing character: There is no a in font nullfont!
Missing character: There is no s in font nullfont!
Missing character: There is no / in font nullfont!
Missing character: There is no P in font nullfont!
Missing character: There is no P in font nullfont!
Missing character: There is no g in font nullfont!
Missing character: There is no E in font nullfont!
Missing character: There is no E in font nullfont!

! LaTeX Error: \begin{center} on input line 8 ended by \end{tabularx}.

See the LaTeX manual or LaTeX Companion for explanation.
Type  H <return>  for immediate help.
 ...                                              
                                                  
l.27 \end{tabularx}
                   
Your command was ignored.
Type  I <command> <return>  to replace it with another command,
or  <return>  to continue without it.


Overfull \hbox (56.9055pt too wide) in paragraph at lines 26--28
 $[]$ 
 []

! Undefined control sequence.
l.34 \LARGE
           
The control sequence at the end of the top line
of your error message was never \def'ed. If you have
misspelled it (e.g., `\hobx'), type `I' and the correct
spelling (e.g., `I\hbox'). Otherwise just continue,
and I'll forget about whatever was undefined.

Missing character: There is no Ã in font cmbx10!
Missing character: There is no § in font cmbx10!
Missing character: There is no Ã in font cmbx10!
Missing character: There is no £ in font cmbx10!
Missing character: There is no Ã in font cmbx10!
Missing character: There is no § in font cmbx10!
Missing character: There is no Ã in font cmbx10!
Missing character: There is no µ in font cmbx10!
Missing character: There is no Ã in font cmbx10!
Missing character: There is no ³ in font cmbx10!
Missing character: There is no Ã in font cmbx10!
Missing character: There is no § in font cmbx10!
Missing character: There is no Ã in font cmbx10!
Missing character: There is no £ in font cmbx10!
Missing character: There is no Ã in font cmbx10!
Missing character: There is no © in font cmbx10!
Missing character: There is no Ã in font cmbx10!
Missing character: There is no § in font cmbx10!
Missing character: There is no Ã in font cmbx10!
Missing character: There is no £ in font cmbx10!

Overfull \hbox (28.53459pt too wide) in paragraph at lines 37--38
 []\OT1/cmr/bx/n/10 Sobre 
 []


Overfull \hbox (5.59023pt too wide) in paragraph at lines 37--38
 \OT1/cmr/bx/n/10 a 
 []


Overfull \hbox (45.92336pt too wide) in paragraph at lines 37--38
 \OT1/cmr/bx/n/10 Preparao 
 []


Overfull \hbox (11.65967pt too wide) in paragraph at lines 37--38
 \OT1/cmr/bx/n/10 de 
 []


Overfull \hbox (22.18045pt too wide) in paragraph at lines 37--38
 \OT1/cmr/bx/n/10 Pro- 
 []


Overfull \hbox (31.59283pt too wide) in paragraph at lines 37--38
 \OT1/cmr/bx/n/10 postas 
 []


Overfull \hbox (11.65967pt too wide) in paragraph at lines 37--38
 \OT1/cmr/bx/n/10 de 
 []


Overfull \hbox (30.68037pt too wide) in paragraph at lines 37--38
 \OT1/cmr/bx/n/10 Tema, 
 []


Overfull \hbox (20.38321pt too wide) in paragraph at lines 37--38
 \OT1/cmr/bx/n/10 Dis- 
 []


Overfull \hbox (18.3763pt too wide) in paragraph at lines 37--38
 \OT1/cmr/bx/n/10 ser- 
 []


Overfull \hbox (19.86931pt too wide) in paragraph at lines 37--38
 \OT1/cmr/bx/n/10 taes 
 []


Overfull \hbox (5.27081pt too wide) in paragraph at lines 37--38
 \OT1/cmr/bx/n/10 e 
 []


Overfull \hbox (26.6554pt too wide) in paragraph at lines 37--38
 \OT1/cmr/bx/n/10 Teses 
 []


Overfull \hbox (12.13882pt too wide) in paragraph at lines 37--38
 \OT1/cmr/bx/n/10 no 
 []


Overfull \hbox (22.18045pt too wide) in paragraph at lines 37--38
 \OT1/cmr/bx/n/10 Pro- 
 []


Overfull \hbox (31.2498pt too wide) in paragraph at lines 37--38
 \OT1/cmr/bx/n/10 grama 
 []


Overfull \hbox (11.65967pt too wide) in paragraph at lines 37--38
 \OT1/cmr/bx/n/10 de 
 []


Overfull \hbox (16.23045pt too wide) in paragraph at lines 37--38
 \OT1/cmr/bx/n/10 Ps- 
 []


Overfull \hbox (43.48584pt too wide) in paragraph at lines 37--38
 \OT1/cmr/bx/n/10 Graduao 
 []


Overfull \hbox (14.8541pt too wide) in paragraph at lines 37--38
 \OT1/cmr/bx/n/10 em 
 []


Overfull \hbox (17.77768pt too wide) in paragraph at lines 37--38
 \OT1/cmr/bx/n/10 En- 
 []


Overfull \hbox (21.24295pt too wide) in paragraph at lines 37--38
 \OT1/cmr/bx/n/10 gen- 
 []


Overfull \hbox (25.49983pt too wide) in paragraph at lines 37--38
 \OT1/cmr/bx/n/10 haria 
 []


Overfull \hbox (14.58325pt too wide) in paragraph at lines 37--38
 \OT1/cmr/bx/n/10 El- 
 []


Overfull \hbox (23.10403pt too wide) in paragraph at lines 37--38
 \OT1/cmr/bx/n/10 trica 
 []


Overfull \hbox (5.27081pt too wide) in paragraph at lines 37--38
 \OT1/cmr/bx/n/10 e 
 []


Overfull \hbox (11.65967pt too wide) in paragraph at lines 37--38
 \OT1/cmr/bx/n/10 de 
 []


Overfull \hbox (27.47208pt too wide) in paragraph at lines 37--38
 \OT1/cmr/bx/n/10 Com- 
 []


Overfull \hbox (28.5901pt too wide) in paragraph at lines 37--38
 \OT1/cmr/bx/n/10 putao 
 []


Overfull \hbox (11.97908pt too wide) in paragraph at lines 37--38
 \OT1/cmr/bx/n/10 da 
 []


Overfull \hbox (33.70815pt too wide) in paragraph at lines 37--38
 \OT1/cmr/bx/n/10 UFRN 
 []

! Undefined control sequence.
l.41 \Large
           
The control sequence at the end of the top line
of your error message was never \def'ed. If you have
misspelled it (e.g., `\hobx'), type `I' and the correct
spelling (e.g., `I\hbox'). Otherwise just continue,
and I'll forget about whatever was undefined.

Missing character: There is no Ã in font cmbx10!
Missing character: There is no ³ in font cmbx10!

Overfull \hbox (33.59007pt too wide) in paragraph at lines 43--44
 []\OT1/cmr/bx/n/10 Fulano 
 []


Overfull \hbox (16.6749pt too wide) in paragraph at lines 43--44
 \OT1/cmr/bx/n/10 dos 
 []


Overfull \hbox (27.92484pt too wide) in paragraph at lines 43--44
 \OT1/cmr/bx/n/10 Anzis 
 []


Overfull \hbox (36.3401pt too wide) in paragraph at lines 43--44
 \OT1/cmr/bx/n/10 Pereira 
 []


! LaTeX Error: The font size command \normalsize is not defined:
               there is probably something wrong with the class file.

See the LaTeX manual or LaTeX Companion for explanation.
Type  H <return>  for immediate help.
 ...                                              
                                                  
l.47 \normalsize
                
Your command was ignored.
Type  I <command> <return>  to replace it with another command,
or  <return>  to continue without it.

Missing character: There is no O in font nullfont!
Missing character: There is no r in font nullfont!
Missing character: There is no i in font nullfont!
Missing character: There is no e in font nullfont!
Missing character: There is no n in font nullfont!
Missing character: There is no t in font nullfont!
Missing character: There is no a in font nullfont!
Missing character: There is no d in font nullfont!
Missing character: There is no o in font nullfont!
Missing character: There is no r in font nullfont!
Missing character: There is no : in font nullfont!
Missing character: There is no P in font nullfont!
Missing character: There is no r in font nullfont!
Missing character: There is no o in font nullfont!
Missing character: There is no f in font nullfont!
Missing character: There is no . in font nullfont!
Missing character: There is no D in font nullfont!
Missing character: There is no r in font nullfont!
Missing character: There is no . in font nullfont!
Missing character: There is no S in font nullfont!
Missing character: There is no i in font nullfont!
Missing character: There is no c in font nullfont!
Missing character: There is no r in font nullfont!
Missing character: There is no a in font nullfont!
Missing character: There is no n in font nullfont!
Missing character: There is no o in font nullfont!
Missing character: There is no M in font nullfont!
Missing character: There is no a in font nullfont!
Missing character: There is no t in font nullfont!
Missing character: There is no o in font nullfont!
Missing character: There is no s in font nullfont!
Missing character: There is no i in font nullfont!
Missing character: There is no n in font nullfont!
Missing character: There is no h in font nullfont!
Missing character: There is no o in font nullfont!
Missing character: There is no d in font nullfont!
Missing character: There is no e in font nullfont!
Missing character: There is no M in font nullfont!
Missing character: There is no e in font nullfont!
Missing character: There is no l in font nullfont!
Missing character: There is no o in font nullfont!
Missing character: There is no C in font nullfont!
Missing character: There is no o in font nullfont!
Missing character: There is no - in font nullfont!
Missing character: There is no o in font nullfont!
Missing character: There is no r in font nullfont!
Missing character: There is no i in font nullfont!
Missing character: There is no e in font nullfont!
Missing character: There is no n in font nullfont!
Missing character: There is no t in font nullfont!
Missing character: There is no a in font nullfont!
Missing character: There is no d in font nullfont!
Missing character: There is no o in font nullfont!
Missing character: There is no r in font nullfont!
Missing character: There is no : in font nullfont!
Missing character: There is no P in font nullfont!
Missing character: There is no r in font nullfont!
Missing character: There is no o in font nullfont!
Missing character: There is no f in font nullfont!
Missing character: There is no . in font nullfont!
Missing character: There is no D in font nullfont!
Missing character: There is no r in font nullfont!
Missing character: There is no . in font nullfont!
Missing character: There is no B in font nullfont!
Missing character: There is no e in font nullfont!
Missing character: There is no l in font nullfont!
Missing character: There is no t in font nullfont!
Missing character: There is no r in font nullfont!
Missing character: There is no a in font nullfont!
Missing character: There is no n in font nullfont!
Missing character: There is no o in font nullfont!
Missing character: There is no C in font nullfont!
Missing character: There is no a in font nullfont!
Missing character: There is no t in font nullfont!
Missing character: There is no a in font nullfont!
Missing character: There is no n in font nullfont!
Missing character: There is no d in font nullfont!
Missing character: There is no u in font nullfont!
Missing character: There is no r in font nullfont!
Missing character: There is no a in font nullfont!
Missing character: There is no d in font nullfont!
Missing character: There is no o in font nullfont!
Missing character: There is no A in font nullfont!
Missing character: There is no m in font nullfont!
Missing character: There is no a in font nullfont!
Missing character: There is no r in font nullfont!
Missing character: There is no a in font nullfont!
Missing character: There is no l in font nullfont!
Missing character: There is no Ã in font cmbx10!
Missing character: There is no § in font cmbx10!
Missing character: There is no Ã in font cmbx10!
Missing character: There is no £ in font cmbx10!
Missing character: There is no a in font nullfont!
Missing character: There is no p in font nullfont!
Missing character: There is no r in font nullfont!
Missing character: There is no e in font nullfont!
Missing character: There is no s in font nullfont!
Missing character: There is no e in font nullfont!
Missing character: There is no n in font nullfont!
Missing character: There is no t in font nullfont!
Missing character: There is no a in font nullfont!
Missing character: There is no d in font nullfont!
Missing character: There is no a in font nullfont!
Missing character: There is no a in font nullfont!
Missing character: There is no o in font nullfont!
Missing character: There is no P in font nullfont!
Missing character: There is no r in font nullfont!
Missing character: There is no o in font nullfont!
Missing character: There is no g in font nullfont!
Missing character: There is no r in font nullfont!
Missing character: There is no a in font nullfont!
Missing character: There is no m in font nullfont!
Missing character: There is no a in font nullfont!
Missing character: There is no d in font nullfont!
Missing character: There is no e in font nullfont!
Missing character: There is no P in font nullfont!
Missing character: There is no Ã in font nullfont!
Missing character: There is no ³ in font nullfont!
Missing character: There is no s in font nullfont!
Missing character: There is no - in font nullfont!
Missing character: There is no G in font nullfont!
Missing character: There is no r in font nullfont!
Missing character: There is no a in font nullfont!
Missing character: There is no d in font nullfont!
Missing character: There is no u in font nullfont!
Missing character: There is no a in font nullfont!
Missing character: There is no Ã in font nullfont!
Missing character: There is no § in font nullfont!
Missing character: There is no Ã in font nullfont!
Missing character: There is no £ in font nullfont!
Missing character: There is no o in font nullfont!
Missing character: There is no e in font nullfont!
Missing character: There is no m in font nullfont!
Missing character: There is no E in font nullfont!
Missing character: There is no n in font nullfont!
Missing character: There is no g in font nullfont!
Missing character: There is no e in font nullfont!
Missing character: There is no n in font nullfont!
Missing character: There is no h in font nullfont!
Missing character: There is no a in font nullfont!
Missing character: There is no r in font nullfont!
Missing character: There is no i in font nullfont!
Missing character: There is no a in font nullfont!
Missing character: There is no E in font nullfont!
Missing character: There is no l in font nullfont!
Missing character: There is no Ã in font nullfont!
Missing character: There is no © in font nullfont!
Missing character: There is no t in font nullfont!
Missing character: There is no r in font nullfont!
Missing character: There is no i in font nullfont!
Missing character: There is no c in font nullfont!
Missing character: There is no a in font nullfont!
Missing character: There is no e in font nullfont!
Missing character: There is no d in font nullfont!
Missing character: There is no e in font nullfont!
Missing character: There is no C in font nullfont!
Missing character: There is no o in font nullfont!
Missing character: There is no m in font nullfont!
Missing character: There is no p in font nullfont!
Missing character: There is no u in font nullfont!
Missing character: There is no t in font nullfont!
Missing character: There is no a in font nullfont!
Missing character: There is no Ã in font nullfont!
Missing character: There is no § in font nullfont!
Missing character: There is no Ã in font nullfont!
Missing character: There is no £ in font nullfont!
Missing character: There is no o in font nullfont!
Missing character: There is no d in font nullfont!
Missing character: There is no a in font nullfont!
Missing character: There is no U in font nullfont!
Missing character: There is no F in font nullfont!
Missing character: There is no R in font nullfont!
Missing character: There is no N in font nullfont!
Missing character: There is no ( in font nullfont!
Missing character: There is no Ã in font nullfont!
Missing character: There is no ¡ in font nullfont!
Missing character: There is no r in font nullfont!
Missing character: There is no e in font nullfont!
Missing character: There is no a in font nullfont!
Missing character: There is no d in font nullfont!
Missing character: There is no e in font nullfont!
Missing character: There is no c in font nullfont!
Missing character: There is no o in font nullfont!
Missing character: There is no n in font nullfont!
Missing character: There is no c in font nullfont!
Missing character: There is no e in font nullfont!
Missing character: There is no n in font nullfont!
Missing character: There is no t in font nullfont!
Missing character: There is no r in font nullfont!
Missing character: There is no a in font nullfont!
Missing character: There is no Ã in font nullfont!
Missing character: There is no § in font nullfont!
Missing character: There is no Ã in font nullfont!
Missing character: There is no £ in font nullfont!
Missing character: There is no o in font nullfont!
Missing character: There is no : in font nullfont!
Missing character: There is no E in font nullfont!
Missing character: There is no n in font nullfont!
Missing character: There is no g in font nullfont!
Missing character: There is no e in font nullfont!
Missing character: There is no n in font nullfont!
Missing character: There is no h in font nullfont!
Missing character: There is no a in font nullfont!
Missing character: There is no r in font nullfont!
Missing character: There is no i in font nullfont!
Missing character: There is no a in font nullfont!
Missing character: There is no d in font nullfont!
Missing character: There is no e in font nullfont!
Missing character: There is no C in font nullfont!
Missing character: There is no o in font nullfont!
Missing character: There is no m in font nullfont!
Missing character: There is no p in font nullfont!
Missing character: There is no u in font nullfont!
Missing character: There is no t in font nullfont!
Missing character: There is no a in font nullfont!
Missing character: There is no Ã in font nullfont!
Missing character: There is no § in font nullfont!
Missing character: There is no Ã in font nullfont!
Missing character: There is no £ in font nullfont!
Missing character: There is no o in font nullfont!
Missing character: There is no ) in font nullfont!
Missing character: There is no c in font nullfont!
Missing character: There is no o in font nullfont!
Missing character: There is no m in font nullfont!
Missing character: There is no o in font nullfont!
Missing character: There is no p in font nullfont!
Missing character: There is no a in font nullfont!
Missing character: There is no r in font nullfont!
Missing character: There is no t in font nullfont!
Missing character: There is no e in font nullfont!
Missing character: There is no d in font nullfont!
Missing character: There is no o in font nullfont!
Missing character: There is no s in font nullfont!
Missing character: There is no r in font nullfont!
Missing character: There is no e in font nullfont!
Missing character: There is no q in font nullfont!
Missing character: There is no u in font nullfont!
Missing character: There is no i in font nullfont!
Missing character: There is no s in font nullfont!
Missing character: There is no i in font nullfont!
Missing character: There is no t in font nullfont!
Missing character: There is no o in font nullfont!
Missing character: There is no s in font nullfont!
Missing character: There is no p in font nullfont!
Missing character: There is no a in font nullfont!
Missing character: There is no r in font nullfont!
Missing character: There is no a in font nullfont!
Missing character: There is no o in font nullfont!
Missing character: There is no b in font nullfont!
Missing character: There is no t in font nullfont!
Missing character: There is no e in font nullfont!
Missing character: There is no n in font nullfont!
Missing character: There is no Ã in font nullfont!
Missing character: There is no § in font nullfont!
Missing character: There is no Ã in font nullfont!
Missing character: There is no £ in font nullfont!
Missing character: There is no o in font nullfont!
Missing character: There is no d in font nullfont!
Missing character: There is no o in font nullfont!
Missing character: There is no t in font nullfont!
Missing character: There is no Ã in font nullfont!
Missing character: There is no ­ in font nullfont!
Missing character: There is no t in font nullfont!
Missing character: There is no u in font nullfont!
Missing character: There is no l in font nullfont!
Missing character: There is no o in font nullfont!
Missing character: There is no d in font nullfont!
Missing character: There is no e in font nullfont!
Missing character: There is no M in font nullfont!
Missing character: There is no e in font nullfont!
Missing character: There is no s in font nullfont!
Missing character: There is no t in font nullfont!
Missing character: There is no r in font nullfont!
Missing character: There is no e in font nullfont!
Missing character: There is no e in font nullfont!
Missing character: There is no m in font nullfont!
Missing character: There is no C in font nullfont!
Missing character: There is no i in font nullfont!
Missing character: There is no Ã in font nullfont!
Missing character: There is no ª in font nullfont!
Missing character: There is no n in font nullfont!
Missing character: There is no c in font nullfont!
Missing character: There is no i in font nullfont!
Missing character: There is no a in font nullfont!
Missing character: There is no s in font nullfont!
Missing character: There is no . in font nullfont!

Overfull \hbox (46.90527pt too wide) in paragraph at lines 66--66
[]\OT1/cmr/bx/n/10 Dissertao
 []


Overfull \hbox (11.65967pt too wide) in paragraph at lines 66--66
\OT1/cmr/bx/n/10 de
 []


Overfull \hbox (47.66084pt too wide) in paragraph at lines 66--66
\OT1/cmr/bx/n/10 Mestrado
 []

! Undefined control sequence.
l.71 \large
           
The control sequence at the end of the top line
of your error message was never \def'ed. If you have
misspelled it (e.g., `\hobx'), type `I' and the correct
spelling (e.g., `I\hbox'). Otherwise just continue,
and I'll forget about whatever was undefined.

Missing character: There is no N in font nullfont!
Missing character: There is no Ã in font nullfont!
Missing character: There is no º in font nullfont!
Missing character: There is no m in font nullfont!
Missing character: There is no e in font nullfont!
Missing character: There is no r in font nullfont!
Missing character: There is no o in font nullfont!
Missing character: There is no d in font nullfont!
Missing character: There is no e in font nullfont!
Missing character: There is no o in font nullfont!
Missing character: There is no r in font nullfont!
Missing character: There is no d in font nullfont!
Missing character: There is no e in font nullfont!
Missing character: There is no m in font nullfont!
Missing character: There is no P in font nullfont!
Missing character: There is no P in font nullfont!
Missing character: There is no g in font nullfont!
Missing character: There is no E in font nullfont!
Missing character: There is no E in font nullfont!
Missing character: There is no C in font nullfont!
Missing character: There is no : in font nullfont!
Missing character: There is no M in font nullfont!
Missing character: There is no 0 in font nullfont!
Missing character: There is no 0 in font nullfont!
Missing character: There is no 0 in font nullfont!
Missing character: There is no N in font nullfont!
Missing character: There is no a in font nullfont!
Missing character: There is no t in font nullfont!
Missing character: There is no a in font nullfont!
Missing character: There is no l in font nullfont!
Missing character: There is no , in font nullfont!
Missing character: There is no R in font nullfont!
Missing character: There is no N in font nullfont!
Missing character: There is no , in font nullfont!
Missing character: There is no f in font nullfont!
Missing character: There is no e in font nullfont!
Missing character: There is no v in font nullfont!
Missing character: There is no e in font nullfont!
Missing character: There is no r in font nullfont!
Missing character: There is no e in font nullfont!
Missing character: There is no i in font nullfont!
Missing character: There is no r in font nullfont!
Missing character: There is no o in font nullfont!
Missing character: There is no d in font nullfont!
Missing character: There is no e in font nullfont!
Missing character: There is no 2 in font nullfont!
Missing character: There is no 0 in font nullfont!
Missing character: There is no 0 in font nullfont!
Missing character: There is no 6 in font nullfont!

! LaTeX Error: \begin{document} ended by \end{titlepage}.

See the LaTeX manual or LaTeX Companion for explanation.
Type  H <return>  for immediate help.
 ...                                              
                                                  
l.84 \end{titlepage}
                    
Your command was ignored.
Type  I <command> <return>  to replace it with another command,
or  <return>  to continue without it.

)
! Emergency stop.
<*> rosto.tex
             
*** (job aborted, no legal \end found)

 
Here is how much of TeX's memory you used:
 20 strings out of 494955
 300 string characters out of 6179474
 48213 words of memory out of 5000000
 3349 multiletter control sequences out of 15000+600000
 4554 words of font info for 17 fonts, out of 8000000 for 9000
 38 hyphenation exceptions out of 8191
 19i,3n,17p,118b,217s stack positions out of 5000i,500n,10000p,200000b,80000s
!  ==> Fatal error occurred, no output PDF file produced!
